[main] DEBUG net.sf.jasperreports.engine.fill.BaseReportFiller  - Fill 1: created for Blank_A4_Landscape
[main] DEBUG net.sf.jasperreports.engine.fill.BaseReportFiller  - Fill 1: created for Blank_A4_Landscape
[main] DEBUG net.sf.jasperreports.engine.fill.BaseReportFiller  - Fill 1: created for Blank_A4_Landscape
[main] DEBUG net.sf.jasperreports.engine.fill.BaseReportFiller  - Fill 1: created for Blank_A4_Landscape
[main] DEBUG net.sf.jasperreports.engine.fill.BaseReportFiller  - Fill 1: created for Blank_A4_Landscape
[main] DEBUG net.sf.jasperreports.engine.fill.BaseReportFiller  - Fill 1: created for Blank_A4_Landscape
[main] DEBUG net.sf.jasperreports.engine.fill.BaseReportFiller  - Fill 1: created for Blank_A4_Landscape
[main] DEBUG net.sf.jasperreports.engine.fill.BaseReportFiller  - Fill 1: created for Blank_A4_Landscape
[main] DEBUG net.sf.jasperreports.engine.fill.BaseReportFiller  - Fill 1: created for Blank_A4_Landscape
[main] DEBUG net.sf.jasperreports.engine.fill.BaseReportFiller  - Fill 1: created for Blank_A4_Landscape
[main] DEBUG net.sf.jasperreports.engine.fill.BaseReportFiller  - Fill 1: created for Blank_A4_Landscape
[main] DEBUG net.sf.jasperreports.engine.fill.BaseReportFiller  - Fill 1: created for Blank_A4_Landscape
[main] DEBUG net.sf.jasperreports.extensions.ExtensionsEnvironment  - Instantiating extensions registry class net.sf.jasperreports.extensions.DefaultExtensionsRegistry
[main] DEBUG net.sf.jasperreports.extensions.DefaultExtensionsRegistry  - Loading registries for cache key jdk.internal.loader.ClassLoaders$AppClassLoader@2d6e8792
[main] DEBUG net.sf.jasperreports.engine.util.JRLoader  - Found resource jasperreports_extension.properties at jar:file:/C:/Drivers/Jasper/jasperreports-6.11.0.jar!/jasperreports_extension.properties in classloader jdk.internal.loader.ClassLoaders$AppClassLoader@2d6e8792
[main] DEBUG net.sf.jasperreports.engine.util.JRLoader  - Found resource jasperreports_extension.properties at jar:file:/C:/Drivers/Jasper/jasperreports-6.16.0.jar!/jasperreports_extension.properties in classloader jdk.internal.loader.ClassLoaders$AppClassLoader@2d6e8792
[main] DEBUG net.sf.jasperreports.extensions.DefaultExtensionsRegistry  - Loading JasperReports extension properties resource jar:file:/C:/Drivers/Jasper/jasperreports-6.11.0.jar!/jasperreports_extension.properties
[main] DEBUG net.sf.jasperreports.extensions.DefaultExtensionsRegistry  - Instantiating registry of type net.sf.jasperreports.components.headertoolbar.HeaderToolbarParameterContributorExtensionFactory for property net.sf.jasperreports.extension.registry.factory.header.toolbar.parameter.contributor
[main] DEBUG net.sf.jasperreports.extensions.DefaultExtensionsRegistry  - Instantiating extensions registry for header.toolbar.parameter.contributor using factory class net.sf.jasperreports.components.headertoolbar.HeaderToolbarParameterContributorExtensionFactory
[main] DEBUG net.sf.jasperreports.extensions.DefaultExtensionsRegistry  - Instantiating registry of type net.sf.jasperreports.types.date.DateRangeQueryClauseExtensions for property net.sf.jasperreports.extension.registry.factory.date.range.clause.functions
[main] DEBUG net.sf.jasperreports.extensions.DefaultExtensionsRegistry  - Instantiating extensions registry for date.range.clause.functions using factory class net.sf.jasperreports.types.date.DateRangeQueryClauseExtensions
[main] DEBUG net.sf.jasperreports.extensions.DefaultExtensionsRegistry  - Instantiating registry of type net.sf.jasperreports.parts.PartComponentsExtensionsRegistryFactory for property net.sf.jasperreports.extension.registry.factory.parts
[main] DEBUG net.sf.jasperreports.extensions.DefaultExtensionsRegistry  - Instantiating extensions registry for parts using factory class net.sf.jasperreports.parts.PartComponentsExtensionsRegistryFactory
[main] DEBUG net.sf.jasperreports.extensions.DefaultExtensionsRegistry  - Instantiating registry of type net.sf.jasperreports.repo.DefaultRepositoryExtensionsRegistryFactory for property net.sf.jasperreports.extension.registry.factory.repository
[main] DEBUG net.sf.jasperreports.extensions.DefaultExtensionsRegistry  - Instantiating extensions registry for repository using factory class net.sf.jasperreports.repo.DefaultRepositoryExtensionsRegistryFactory
[main] DEBUG net.sf.jasperreports.extensions.DefaultExtensionsRegistry  - Instantiating registry of type net.sf.jasperreports.web.util.ContentTypeMappingExtensionsRegistryFactory for property net.sf.jasperreports.extension.registry.factory.content.type.mapping
[main] DEBUG net.sf.jasperreports.extensions.DefaultExtensionsRegistry  - Instantiating extensions registry for content.type.mapping using factory class net.sf.jasperreports.web.util.ContentTypeMappingExtensionsRegistryFactory
[main] DEBUG net.sf.jasperreports.extensions.DefaultExtensionsRegistry  - Instantiating registry of type net.sf.jasperreports.engine.fonts.SimpleFontExtensionsRegistryFactory for property net.sf.jasperreports.extension.registry.factory.simple.font.families
[main] DEBUG net.sf.jasperreports.extensions.DefaultExtensionsRegistry  - Instantiating extensions registry for simple.font.families using factory class net.sf.jasperreports.engine.fonts.SimpleFontExtensionsRegistryFactory
[main] DEBUG net.sf.jasperreports.extensions.DefaultExtensionsRegistry  - Instantiating registry of type net.sf.jasperreports.data.DefaultDataAdapterServiceExtensionsRegistryFactory for property net.sf.jasperreports.extension.registry.factory.data.adapter.services
[main] DEBUG net.sf.jasperreports.extensions.DefaultExtensionsRegistry  - Instantiating extensions registry for data.adapter.services using factory class net.sf.jasperreports.data.DefaultDataAdapterServiceExtensionsRegistryFactory
[main] DEBUG net.sf.jasperreports.extensions.DefaultExtensionsRegistry  - Instantiating registry of type net.sf.jasperreports.web.util.WebResourceHandlersExtensionRegistryFactory for property net.sf.jasperreports.extension.registry.factory.jive.web.resource.handlers
[main] DEBUG net.sf.jasperreports.extensions.DefaultExtensionsRegistry  - Instantiating extensions registry for jive.web.resource.handlers using factory class net.sf.jasperreports.web.util.WebResourceHandlersExtensionRegistryFactory
[main] DEBUG net.sf.jasperreports.extensions.DefaultExtensionsRegistry  - Instantiating registry of type net.sf.jasperreports.util.CastorMappingExtensionsRegistryFactory for property net.sf.jasperreports.extension.registry.factory.castor.mapping
[main] DEBUG net.sf.jasperreports.extensions.DefaultExtensionsRegistry  - Instantiating extensions registry for castor.mapping using factory class net.sf.jasperreports.util.CastorMappingExtensionsRegistryFactory
[main] DEBUG net.sf.jasperreports.extensions.DefaultExtensionsRegistry  - Instantiating registry of type net.sf.jasperreports.engine.export.MatcherExportFilterMappingExtensionsRegistryFactory for property net.sf.jasperreports.extension.registry.factory.matcher.exporter.filter.mapping
[main] DEBUG net.sf.jasperreports.extensions.DefaultExtensionsRegistry  - Instantiating extensions registry for matcher.exporter.filter.mapping using factory class net.sf.jasperreports.engine.export.MatcherExportFilterMappingExtensionsRegistryFactory
[main] DEBUG net.sf.jasperreports.extensions.DefaultExtensionsRegistry  - Instantiating registry of type net.sf.jasperreports.governors.GovernorExtensionsRegistryFactory for property net.sf.jasperreports.extension.registry.factory.governor
[main] DEBUG net.sf.jasperreports.extensions.DefaultExtensionsRegistry  - Instantiating extensions registry for governor using factory class net.sf.jasperreports.governors.GovernorExtensionsRegistryFactory
[main] DEBUG net.sf.jasperreports.extensions.DefaultExtensionsRegistry  - Instantiating registry of type net.sf.jasperreports.web.util.RequirejsModuleMappingExtensionsRegistryFactory for property net.sf.jasperreports.extension.registry.factory.requirejs.module.mapping
[main] DEBUG net.sf.jasperreports.extensions.DefaultExtensionsRegistry  - Instantiating extensions registry for requirejs.module.mapping using factory class net.sf.jasperreports.web.util.RequirejsModuleMappingExtensionsRegistryFactory
[main] DEBUG net.sf.jasperreports.extensions.DefaultExtensionsRegistry  - Instantiating registry of type net.sf.jasperreports.engine.query.SQLQueryClauseFunctionsExtensions for property net.sf.jasperreports.extension.registry.factory.sql.clause.functions
[main] DEBUG net.sf.jasperreports.extensions.DefaultExtensionsRegistry  - Instantiating extensions registry for sql.clause.functions using factory class net.sf.jasperreports.engine.query.SQLQueryClauseFunctionsExtensions
[main] DEBUG net.sf.jasperreports.extensions.DefaultExtensionsRegistry  - Instantiating registry of type net.sf.jasperreports.data.DataAdapterParameterContributorExtensionsRegistryFactory for property net.sf.jasperreports.extension.registry.factory.parameter.contributor.data.adapter
[main] DEBUG net.sf.jasperreports.extensions.DefaultExtensionsRegistry  - Instantiating extensions registry for parameter.contributor.data.adapter using factory class net.sf.jasperreports.data.DataAdapterParameterContributorExtensionsRegistryFactory
[main] DEBUG net.sf.jasperreports.extensions.DefaultExtensionsRegistry  - Instantiating registry of type net.sf.jasperreports.engine.style.PropertyStyleProviderExtensionFactory for property net.sf.jasperreports.extension.registry.factory.property.style.provider
[main] DEBUG net.sf.jasperreports.extensions.DefaultExtensionsRegistry  - Instantiating extensions registry for property.style.provider using factory class net.sf.jasperreports.engine.style.PropertyStyleProviderExtensionFactory
[main] DEBUG net.sf.jasperreports.extensions.DefaultExtensionsRegistry  - Instantiating registry of type net.sf.jasperreports.web.util.JacksonMappingExtensionsRegistryFactory for property net.sf.jasperreports.extension.registry.factory.jackson.mapping
[main] DEBUG net.sf.jasperreports.extensions.DefaultExtensionsRegistry  - Instantiating extensions registry for jackson.mapping using factory class net.sf.jasperreports.web.util.JacksonMappingExtensionsRegistryFactory
[main] DEBUG net.sf.jasperreports.extensions.DefaultExtensionsRegistry  - Instantiating registry of type net.sf.jasperreports.extensions.DefaultExtensionsRegistryFactory for property net.sf.jasperreports.extension.registry.factory.default
[main] DEBUG net.sf.jasperreports.extensions.DefaultExtensionsRegistry  - Instantiating extensions registry for default using factory class net.sf.jasperreports.extensions.DefaultExtensionsRegistryFactory
[main] DEBUG net.sf.jasperreports.extensions.DefaultExtensionsRegistry  - Instantiating registry of type net.sf.jasperreports.components.ComponentsExtensionsRegistryFactory for property net.sf.jasperreports.extension.registry.factory.components
[main] DEBUG net.sf.jasperreports.extensions.DefaultExtensionsRegistry  - Instantiating extensions registry for components using factory class net.sf.jasperreports.components.ComponentsExtensionsRegistryFactory
[main] DEBUG net.sf.jasperreports.extensions.DefaultExtensionsRegistry  - Instantiating registry of type net.sf.jasperreports.components.headertoolbar.HeaderToolbarConditionalStyleProviderExtensionFactory for property net.sf.jasperreports.extension.registry.factory.header.toolbar.style.provider
[main] DEBUG net.sf.jasperreports.extensions.DefaultExtensionsRegistry  - Instantiating extensions registry for header.toolbar.style.provider using factory class net.sf.jasperreports.components.headertoolbar.HeaderToolbarConditionalStyleProviderExtensionFactory
[main] DEBUG net.sf.jasperreports.extensions.DefaultExtensionsRegistry  - Loading JasperReports extension properties resource jar:file:/C:/Drivers/Jasper/jasperreports-6.16.0.jar!/jasperreports_extension.properties
[main] DEBUG net.sf.jasperreports.extensions.DefaultExtensionsRegistry  - Instantiating registry of type net.sf.jasperreports.components.headertoolbar.HeaderToolbarParameterContributorExtensionFactory for property net.sf.jasperreports.extension.registry.factory.header.toolbar.parameter.contributor
[main] DEBUG net.sf.jasperreports.extensions.DefaultExtensionsRegistry  - Instantiating extensions registry for header.toolbar.parameter.contributor using factory class net.sf.jasperreports.components.headertoolbar.HeaderToolbarParameterContributorExtensionFactory
[main] DEBUG net.sf.jasperreports.extensions.DefaultExtensionsRegistry  - Instantiating registry of type net.sf.jasperreports.types.date.DateRangeQueryClauseExtensions for property net.sf.jasperreports.extension.registry.factory.date.range.clause.functions
[main] DEBUG net.sf.jasperreports.extensions.DefaultExtensionsRegistry  - Instantiating extensions registry for date.range.clause.functions using factory class net.sf.jasperreports.types.date.DateRangeQueryClauseExtensions
[main] DEBUG net.sf.jasperreports.extensions.DefaultExtensionsRegistry  - Instantiating registry of type net.sf.jasperreports.repo.DefaultRepositoryExtensionsRegistryFactory for property net.sf.jasperreports.extension.registry.factory.repository
[main] DEBUG net.sf.jasperreports.extensions.DefaultExtensionsRegistry  - Instantiating extensions registry for repository using factory class net.sf.jasperreports.repo.DefaultRepositoryExtensionsRegistryFactory
[main] DEBUG net.sf.jasperreports.extensions.DefaultExtensionsRegistry  - Instantiating registry of type net.sf.jasperreports.parts.PartComponentsExtensionsRegistryFactory for property net.sf.jasperreports.extension.registry.factory.parts
[main] DEBUG net.sf.jasperreports.extensions.DefaultExtensionsRegistry  - Instantiating extensions registry for parts using factory class net.sf.jasperreports.parts.PartComponentsExtensionsRegistryFactory
[main] DEBUG net.sf.jasperreports.extensions.DefaultExtensionsRegistry  - Instantiating registry of type net.sf.jasperreports.web.util.ContentTypeMappingExtensionsRegistryFactory for property net.sf.jasperreports.extension.registry.factory.content.type.mapping
[main] DEBUG net.sf.jasperreports.extensions.DefaultExtensionsRegistry  - Instantiating extensions registry for content.type.mapping using factory class net.sf.jasperreports.web.util.ContentTypeMappingExtensionsRegistryFactory
[main] DEBUG net.sf.jasperreports.extensions.DefaultExtensionsRegistry  - Instantiating registry of type net.sf.jasperreports.engine.fonts.SimpleFontExtensionsRegistryFactory for property net.sf.jasperreports.extension.registry.factory.simple.font.families
[main] DEBUG net.sf.jasperreports.extensions.DefaultExtensionsRegistry  - Instantiating extensions registry for simple.font.families using factory class net.sf.jasperreports.engine.fonts.SimpleFontExtensionsRegistryFactory
[main] DEBUG net.sf.jasperreports.extensions.DefaultExtensionsRegistry  - Instantiating registry of type net.sf.jasperreports.data.DefaultDataAdapterServiceExtensionsRegistryFactory for property net.sf.jasperreports.extension.registry.factory.data.adapter.services
[main] DEBUG net.sf.jasperreports.extensions.DefaultExtensionsRegistry  - Instantiating extensions registry for data.adapter.services using factory class net.sf.jasperreports.data.DefaultDataAdapterServiceExtensionsRegistryFactory
[main] DEBUG net.sf.jasperreports.extensions.DefaultExtensionsRegistry  - Instantiating registry of type net.sf.jasperreports.web.util.WebResourceHandlersExtensionRegistryFactory for property net.sf.jasperreports.extension.registry.factory.jive.web.resource.handlers
[main] DEBUG net.sf.jasperreports.extensions.DefaultExtensionsRegistry  - Instantiating extensions registry for jive.web.resource.handlers using factory class net.sf.jasperreports.web.util.WebResourceHandlersExtensionRegistryFactory
[main] DEBUG net.sf.jasperreports.extensions.DefaultExtensionsRegistry  - Instantiating registry of type net.sf.jasperreports.util.CastorMappingExtensionsRegistryFactory for property net.sf.jasperreports.extension.registry.factory.castor.mapping
[main] DEBUG net.sf.jasperreports.extensions.DefaultExtensionsRegistry  - Instantiating extensions registry for castor.mapping using factory class net.sf.jasperreports.util.CastorMappingExtensionsRegistryFactory
[main] DEBUG net.sf.jasperreports.extensions.DefaultExtensionsRegistry  - Instantiating registry of type net.sf.jasperreports.engine.export.MatcherExportFilterMappingExtensionsRegistryFactory for property net.sf.jasperreports.extension.registry.factory.matcher.exporter.filter.mapping
[main] DEBUG net.sf.jasperreports.extensions.DefaultExtensionsRegistry  - Instantiating extensions registry for matcher.exporter.filter.mapping using factory class net.sf.jasperreports.engine.export.MatcherExportFilterMappingExtensionsRegistryFactory
[main] DEBUG net.sf.jasperreports.extensions.DefaultExtensionsRegistry  - Instantiating registry of type net.sf.jasperreports.governors.GovernorExtensionsRegistryFactory for property net.sf.jasperreports.extension.registry.factory.governor
[main] DEBUG net.sf.jasperreports.extensions.DefaultExtensionsRegistry  - Instantiating extensions registry for governor using factory class net.sf.jasperreports.governors.GovernorExtensionsRegistryFactory
[main] DEBUG net.sf.jasperreports.extensions.DefaultExtensionsRegistry  - Instantiating registry of type net.sf.jasperreports.engine.query.SQLQueryClauseFunctionsExtensions for property net.sf.jasperreports.extension.registry.factory.sql.clause.functions
[main] DEBUG net.sf.jasperreports.extensions.DefaultExtensionsRegistry  - Instantiating extensions registry for sql.clause.functions using factory class net.sf.jasperreports.engine.query.SQLQueryClauseFunctionsExtensions
[main] DEBUG net.sf.jasperreports.extensions.DefaultExtensionsRegistry  - Instantiating registry of type net.sf.jasperreports.data.DataAdapterParameterContributorExtensionsRegistryFactory for property net.sf.jasperreports.extension.registry.factory.parameter.contributor.data.adapter
[main] DEBUG net.sf.jasperreports.extensions.DefaultExtensionsRegistry  - Instantiating extensions registry for parameter.contributor.data.adapter using factory class net.sf.jasperreports.data.DataAdapterParameterContributorExtensionsRegistryFactory
[main] DEBUG net.sf.jasperreports.extensions.DefaultExtensionsRegistry  - Instantiating registry of type net.sf.jasperreports.engine.style.PropertyStyleProviderExtensionFactory for property net.sf.jasperreports.extension.registry.factory.property.style.provider
[main] DEBUG net.sf.jasperreports.extensions.DefaultExtensionsRegistry  - Instantiating extensions registry for property.style.provider using factory class net.sf.jasperreports.engine.style.PropertyStyleProviderExtensionFactory
[main] DEBUG net.sf.jasperreports.extensions.DefaultExtensionsRegistry  - Instantiating registry of type net.sf.jasperreports.web.util.JacksonMappingExtensionsRegistryFactory for property net.sf.jasperreports.extension.registry.factory.jackson.mapping
[main] DEBUG net.sf.jasperreports.extensions.DefaultExtensionsRegistry  - Instantiating extensions registry for jackson.mapping using factory class net.sf.jasperreports.web.util.JacksonMappingExtensionsRegistryFactory
[main] DEBUG net.sf.jasperreports.extensions.DefaultExtensionsRegistry  - Instantiating registry of type net.sf.jasperreports.extensions.DefaultExtensionsRegistryFactory for property net.sf.jasperreports.extension.registry.factory.default
[main] DEBUG net.sf.jasperreports.extensions.DefaultExtensionsRegistry  - Instantiating extensions registry for default using factory class net.sf.jasperreports.extensions.DefaultExtensionsRegistryFactory
[main] DEBUG net.sf.jasperreports.extensions.DefaultExtensionsRegistry  - Instantiating registry of type net.sf.jasperreports.components.ComponentsExtensionsRegistryFactory for property net.sf.jasperreports.extension.registry.factory.components
[main] DEBUG net.sf.jasperreports.extensions.DefaultExtensionsRegistry  - Instantiating extensions registry for components using factory class net.sf.jasperreports.components.ComponentsExtensionsRegistryFactory
[main] DEBUG net.sf.jasperreports.extensions.DefaultExtensionsRegistry  - Instantiating registry of type net.sf.jasperreports.components.headertoolbar.HeaderToolbarConditionalStyleProviderExtensionFactory for property net.sf.jasperreports.extension.registry.factory.header.toolbar.style.provider
[main] DEBUG net.sf.jasperreports.extensions.DefaultExtensionsRegistry  - Instantiating extensions registry for header.toolbar.style.provider using factory class net.sf.jasperreports.components.headertoolbar.HeaderToolbarConditionalStyleProviderExtensionFactory
[main] DEBUG net.sf.jasperreports.extensions.DefaultExtensionsRegistry  - Found duplicate extension registry net.sf.jasperreports.extensions.SingletonExtensionRegistry@6db9f5a4
[main] DEBUG net.sf.jasperreports.extensions.DefaultExtensionsRegistry  - Found duplicate extension registry net.sf.jasperreports.extensions.SingletonExtensionRegistry@5f8edcc5
[main] DEBUG net.sf.jasperreports.extensions.DefaultExtensionsRegistry  - Found duplicate extension registry net.sf.jasperreports.repo.DefaultRepositoryExtensionRegistry@1ebd319f
[main] DEBUG net.sf.jasperreports.extensions.DefaultExtensionsRegistry  - Found duplicate extension registry net.sf.jasperreports.extensions.ListExtensionsRegistry@7b02881e
[main] DEBUG net.sf.jasperreports.extensions.DefaultExtensionsRegistry  - Found duplicate extension registry net.sf.jasperreports.extensions.SingletonExtensionRegistry@7a675056
[main] DEBUG net.sf.jasperreports.extensions.DefaultExtensionsRegistry  - Found duplicate extension registry net.sf.jasperreports.web.util.WebResourceHandlersExtensionRegistryFactory$1@d21a74c
[main] DEBUG net.sf.jasperreports.extensions.DefaultExtensionsRegistry  - Found duplicate extension registry net.sf.jasperreports.extensions.SingletonExtensionRegistry@683dbc2c
[main] DEBUG net.sf.jasperreports.extensions.DefaultExtensionsRegistry  - Found duplicate extension registry net.sf.jasperreports.extensions.ListExtensionsRegistry@2638011
[main] DEBUG net.sf.jasperreports.extensions.DefaultExtensionsRegistry  - Found duplicate extension registry net.sf.jasperreports.extensions.ListExtensionsRegistry@6ff29830
[main] DEBUG net.sf.jasperreports.extensions.DefaultExtensionsRegistry  - Found duplicate extension registry net.sf.jasperreports.extensions.SingletonExtensionRegistry@6a2b953e
[main] DEBUG net.sf.jasperreports.extensions.DefaultExtensionsRegistry  - Found duplicate extension registry net.sf.jasperreports.extensions.DefaultExtensionsRegistryFactory$2@2f465398
[main] DEBUG net.sf.jasperreports.extensions.DefaultExtensionsRegistry  - Found duplicate extension registry net.sf.jasperreports.extensions.ListExtensionsRegistry@548e6d58
[main] DEBUG net.sf.jasperreports.extensions.DefaultExtensionsRegistry  - Found duplicate extension registry net.sf.jasperreports.extensions.SingletonExtensionRegistry@623a8092
[main] DEBUG net.sf.jasperreports.engine.fill.BaseReportFiller  - Fill 1: created for Blank_A4_Landscape
[main] DEBUG net.sf.jasperreports.engine.fill.BaseReportFiller  - created delayed actions 1 for filler 1
[main] DEBUG net.sf.jasperreports.extensions.ExtensionsEnvironment  - Instantiating extensions registry class net.sf.jasperreports.extensions.DefaultExtensionsRegistry
[main] DEBUG net.sf.jasperreports.extensions.DefaultExtensionsRegistry  - Loading registries for cache key jdk.internal.loader.ClassLoaders$AppClassLoader@2d6e8792
[main] DEBUG net.sf.jasperreports.engine.util.JRLoader  - Found resource jasperreports_extension.properties at jar:file:/C:/Drivers/Jasper/jasperreports-6.16.0.jar!/jasperreports_extension.properties in classloader jdk.internal.loader.ClassLoaders$AppClassLoader@2d6e8792
[main] DEBUG net.sf.jasperreports.extensions.DefaultExtensionsRegistry  - Loading JasperReports extension properties resource jar:file:/C:/Drivers/Jasper/jasperreports-6.16.0.jar!/jasperreports_extension.properties
[main] DEBUG net.sf.jasperreports.extensions.DefaultExtensionsRegistry  - Instantiating registry of type net.sf.jasperreports.components.headertoolbar.HeaderToolbarParameterContributorExtensionFactory for property net.sf.jasperreports.extension.registry.factory.header.toolbar.parameter.contributor
[main] DEBUG net.sf.jasperreports.extensions.DefaultExtensionsRegistry  - Instantiating extensions registry for header.toolbar.parameter.contributor using factory class net.sf.jasperreports.components.headertoolbar.HeaderToolbarParameterContributorExtensionFactory
[main] DEBUG net.sf.jasperreports.extensions.DefaultExtensionsRegistry  - Instantiating registry of type net.sf.jasperreports.types.date.DateRangeQueryClauseExtensions for property net.sf.jasperreports.extension.registry.factory.date.range.clause.functions
[main] DEBUG net.sf.jasperreports.extensions.DefaultExtensionsRegistry  - Instantiating extensions registry for date.range.clause.functions using factory class net.sf.jasperreports.types.date.DateRangeQueryClauseExtensions
[main] DEBUG net.sf.jasperreports.extensions.DefaultExtensionsRegistry  - Instantiating registry of type net.sf.jasperreports.repo.DefaultRepositoryExtensionsRegistryFactory for property net.sf.jasperreports.extension.registry.factory.repository
[main] DEBUG net.sf.jasperreports.extensions.DefaultExtensionsRegistry  - Instantiating extensions registry for repository using factory class net.sf.jasperreports.repo.DefaultRepositoryExtensionsRegistryFactory
[main] DEBUG net.sf.jasperreports.extensions.DefaultExtensionsRegistry  - Instantiating registry of type net.sf.jasperreports.parts.PartComponentsExtensionsRegistryFactory for property net.sf.jasperreports.extension.registry.factory.parts
[main] DEBUG net.sf.jasperreports.extensions.DefaultExtensionsRegistry  - Instantiating extensions registry for parts using factory class net.sf.jasperreports.parts.PartComponentsExtensionsRegistryFactory
[main] DEBUG net.sf.jasperreports.extensions.DefaultExtensionsRegistry  - Instantiating registry of type net.sf.jasperreports.web.util.ContentTypeMappingExtensionsRegistryFactory for property net.sf.jasperreports.extension.registry.factory.content.type.mapping
[main] DEBUG net.sf.jasperreports.extensions.DefaultExtensionsRegistry  - Instantiating extensions registry for content.type.mapping using factory class net.sf.jasperreports.web.util.ContentTypeMappingExtensionsRegistryFactory
[main] DEBUG net.sf.jasperreports.extensions.DefaultExtensionsRegistry  - Instantiating registry of type net.sf.jasperreports.engine.fonts.SimpleFontExtensionsRegistryFactory for property net.sf.jasperreports.extension.registry.factory.simple.font.families
[main] DEBUG net.sf.jasperreports.extensions.DefaultExtensionsRegistry  - Instantiating extensions registry for simple.font.families using factory class net.sf.jasperreports.engine.fonts.SimpleFontExtensionsRegistryFactory
[main] DEBUG net.sf.jasperreports.extensions.DefaultExtensionsRegistry  - Instantiating registry of type net.sf.jasperreports.data.DefaultDataAdapterServiceExtensionsRegistryFactory for property net.sf.jasperreports.extension.registry.factory.data.adapter.services
[main] DEBUG net.sf.jasperreports.extensions.DefaultExtensionsRegistry  - Instantiating extensions registry for data.adapter.services using factory class net.sf.jasperreports.data.DefaultDataAdapterServiceExtensionsRegistryFactory
[main] DEBUG net.sf.jasperreports.extensions.DefaultExtensionsRegistry  - Instantiating registry of type net.sf.jasperreports.web.util.WebResourceHandlersExtensionRegistryFactory for property net.sf.jasperreports.extension.registry.factory.jive.web.resource.handlers
[main] DEBUG net.sf.jasperreports.extensions.DefaultExtensionsRegistry  - Instantiating extensions registry for jive.web.resource.handlers using factory class net.sf.jasperreports.web.util.WebResourceHandlersExtensionRegistryFactory
[main] DEBUG net.sf.jasperreports.extensions.DefaultExtensionsRegistry  - Instantiating registry of type net.sf.jasperreports.util.CastorMappingExtensionsRegistryFactory for property net.sf.jasperreports.extension.registry.factory.castor.mapping
[main] DEBUG net.sf.jasperreports.extensions.DefaultExtensionsRegistry  - Instantiating extensions registry for castor.mapping using factory class net.sf.jasperreports.util.CastorMappingExtensionsRegistryFactory
[main] DEBUG net.sf.jasperreports.extensions.DefaultExtensionsRegistry  - Instantiating registry of type net.sf.jasperreports.engine.export.MatcherExportFilterMappingExtensionsRegistryFactory for property net.sf.jasperreports.extension.registry.factory.matcher.exporter.filter.mapping
[main] DEBUG net.sf.jasperreports.extensions.DefaultExtensionsRegistry  - Instantiating extensions registry for matcher.exporter.filter.mapping using factory class net.sf.jasperreports.engine.export.MatcherExportFilterMappingExtensionsRegistryFactory
[main] DEBUG net.sf.jasperreports.extensions.DefaultExtensionsRegistry  - Instantiating registry of type net.sf.jasperreports.governors.GovernorExtensionsRegistryFactory for property net.sf.jasperreports.extension.registry.factory.governor
[main] DEBUG net.sf.jasperreports.extensions.DefaultExtensionsRegistry  - Instantiating extensions registry for governor using factory class net.sf.jasperreports.governors.GovernorExtensionsRegistryFactory
[main] DEBUG net.sf.jasperreports.extensions.DefaultExtensionsRegistry  - Instantiating registry of type net.sf.jasperreports.engine.query.SQLQueryClauseFunctionsExtensions for property net.sf.jasperreports.extension.registry.factory.sql.clause.functions
[main] DEBUG net.sf.jasperreports.extensions.DefaultExtensionsRegistry  - Instantiating extensions registry for sql.clause.functions using factory class net.sf.jasperreports.engine.query.SQLQueryClauseFunctionsExtensions
[main] DEBUG net.sf.jasperreports.extensions.DefaultExtensionsRegistry  - Instantiating registry of type net.sf.jasperreports.data.DataAdapterParameterContributorExtensionsRegistryFactory for property net.sf.jasperreports.extension.registry.factory.parameter.contributor.data.adapter
[main] DEBUG net.sf.jasperreports.extensions.DefaultExtensionsRegistry  - Instantiating extensions registry for parameter.contributor.data.adapter using factory class net.sf.jasperreports.data.DataAdapterParameterContributorExtensionsRegistryFactory
[main] DEBUG net.sf.jasperreports.extensions.DefaultExtensionsRegistry  - Instantiating registry of type net.sf.jasperreports.engine.style.PropertyStyleProviderExtensionFactory for property net.sf.jasperreports.extension.registry.factory.property.style.provider
[main] DEBUG net.sf.jasperreports.extensions.DefaultExtensionsRegistry  - Instantiating extensions registry for property.style.provider using factory class net.sf.jasperreports.engine.style.PropertyStyleProviderExtensionFactory
[main] DEBUG net.sf.jasperreports.extensions.DefaultExtensionsRegistry  - Instantiating registry of type net.sf.jasperreports.web.util.JacksonMappingExtensionsRegistryFactory for property net.sf.jasperreports.extension.registry.factory.jackson.mapping
[main] DEBUG net.sf.jasperreports.extensions.DefaultExtensionsRegistry  - Instantiating extensions registry for jackson.mapping using factory class net.sf.jasperreports.web.util.JacksonMappingExtensionsRegistryFactory
[main] DEBUG net.sf.jasperreports.extensions.DefaultExtensionsRegistry  - Instantiating registry of type net.sf.jasperreports.extensions.DefaultExtensionsRegistryFactory for property net.sf.jasperreports.extension.registry.factory.default
[main] DEBUG net.sf.jasperreports.extensions.DefaultExtensionsRegistry  - Instantiating extensions registry for default using factory class net.sf.jasperreports.extensions.DefaultExtensionsRegistryFactory
[main] DEBUG net.sf.jasperreports.extensions.DefaultExtensionsRegistry  - Instantiating registry of type net.sf.jasperreports.components.ComponentsExtensionsRegistryFactory for property net.sf.jasperreports.extension.registry.factory.components
[main] DEBUG net.sf.jasperreports.extensions.DefaultExtensionsRegistry  - Instantiating extensions registry for components using factory class net.sf.jasperreports.components.ComponentsExtensionsRegistryFactory
[main] DEBUG net.sf.jasperreports.extensions.DefaultExtensionsRegistry  - Instantiating registry of type net.sf.jasperreports.components.headertoolbar.HeaderToolbarConditionalStyleProviderExtensionFactory for property net.sf.jasperreports.extension.registry.factory.header.toolbar.style.provider
[main] DEBUG net.sf.jasperreports.extensions.DefaultExtensionsRegistry  - Instantiating extensions registry for header.toolbar.style.provider using factory class net.sf.jasperreports.components.headertoolbar.HeaderToolbarConditionalStyleProviderExtensionFactory
[main] DEBUG net.sf.jasperreports.engine.fonts.FontExtensionsRegistry  - Loading font extensions from net/sf/jasperreports/fonts/jasperreports-fonts.xml
[main] DEBUG net.sf.jasperreports.engine.fonts.SimpleFontExtensionHelper  - Parsing font family JasperReports Icons
[main] DEBUG net.sf.jasperreports.engine.fonts.SimpleFontFace  - Loading font net/sf/jasperreports/fonts/icons/icons.ttf
[main] DEBUG net.sf.jasperreports.engine.fonts.AwtFontManager  - created font file C:\Users\ruizp\AppData\Local\Temp\jr-font7493018938011828659.ttf for net/sf/jasperreports/fonts/icons/icons.ttf
[main] DEBUG net.sf.jasperreports.engine.fonts.SimpleFontExtensionHelper  - Parsing font family Pictonic
[main] DEBUG net.sf.jasperreports.engine.fonts.SimpleFontFace  - Loading font net/sf/jasperreports/fonts/icons/icons.ttf
[main] DEBUG net.sf.jasperreports.engine.fonts.AwtFontManager  - created font file C:\Users\ruizp\AppData\Local\Temp\jr-font1192996586356052416.ttf for net/sf/jasperreports/fonts/icons/icons.ttf
[main] DEBUG net.sf.jasperreports.engine.fill.JRFillBand  - Origin {reportName: null, groupName: null,bandType: BACKGROUND} for band 1916904573
[main] DEBUG net.sf.jasperreports.engine.fill.JRFillBand  - Origin {reportName: null, groupName: null,bandType: TITLE} for band 575715826
[main] DEBUG net.sf.jasperreports.engine.fill.JRFillBand  - Origin {reportName: null, groupName: null,bandType: PAGE_HEADER} for band 1979787155
[main] DEBUG net.sf.jasperreports.engine.fill.JRFillBand  - Origin {reportName: null, groupName: null,bandType: COLUMN_HEADER} for band 249177573
[main] DEBUG net.sf.jasperreports.engine.fill.JRFillBand  - Origin {reportName: null, groupName: null,bandType: DETAIL} for band 1404932042
[main] DEBUG net.sf.jasperreports.engine.fill.JRFillBand  - Origin {reportName: null, groupName: null,bandType: DETAIL} for band 1043358826
[main] DEBUG net.sf.jasperreports.engine.fill.JRFillBand  - Origin {reportName: null, groupName: null,bandType: COLUMN_FOOTER} for band 58488213
[main] DEBUG net.sf.jasperreports.engine.fill.JRFillBand  - Origin {reportName: null, groupName: null,bandType: PAGE_FOOTER} for band 33419717
[main] DEBUG net.sf.jasperreports.engine.fill.JRFillBand  - Origin {reportName: null, groupName: null,bandType: SUMMARY} for band 335107734
[main] DEBUG net.sf.jasperreports.engine.fill.JRVerticalFiller  - Filler 1 - pageHeight: 1000, columnFooterOffsetY: 921, lastPageColumnFooterOffsetY: 935
[main] DEBUG net.sf.jasperreports.engine.fill.JRBaseFiller  - Fill 1: filling report
[main] DEBUG net.sf.jasperreports.engine.fill.JRBaseFiller  - max page width is 2097152000
[main] DEBUG net.sf.jasperreports.engine.fill.JRBaseFiller  - Fill 1: adding page 1
[main] DEBUG net.sf.jasperreports.engine.fill.JRVerticalFiller  - Fill 1: title at 20
[main] DEBUG net.sf.jasperreports.engine.fill.DelayedFillActions  - 1 running delayed actions on {type: BAND, group: null, band: 575715826}
[main] DEBUG net.sf.jasperreports.engine.fill.JRVerticalFiller  - Fill 1: page header at 99
[main] DEBUG net.sf.jasperreports.engine.fill.SimpleTextLineWrapper  - creating element font infos cache of size 2000
[main] DEBUG net.sf.jasperreports.engine.util.DeduplicableRegistry  - Added object net.sf.jasperreports.engine.fill.JRTemplateText@75b25825
[main] DEBUG net.sf.jasperreports.engine.util.DeduplicableRegistry  - Added object net.sf.jasperreports.engine.fill.JRTemplateFrame@58fe0499
[main] DEBUG net.sf.jasperreports.engine.util.DeduplicableRegistry  - Added object net.sf.jasperreports.engine.fill.JRTemplateText@4044fb95
[main] DEBUG net.sf.jasperreports.engine.fill.JRFillTextField  - created net.sf.jasperreports.engine.fill.JRTemplateText@4044fb95 for (null, null)
[main] DEBUG net.sf.jasperreports.engine.fill.DelayedFillActions  - 1 running delayed actions on {type: BAND, group: null, band: 1979787155}
[main] DEBUG net.sf.jasperreports.engine.fill.JRVerticalFiller  - Fill 1: column header at 183
[main] DEBUG net.sf.jasperreports.engine.util.DeduplicableRegistry  - Added object net.sf.jasperreports.engine.fill.JRTemplateText@fb9c7aa
[main] DEBUG net.sf.jasperreports.engine.util.DeduplicableRegistry  - Found existing instance net.sf.jasperreports.engine.fill.JRTemplateText@fb9c7aa for object net.sf.jasperreports.engine.fill.JRTemplateText@4c398c80
[main] DEBUG net.sf.jasperreports.engine.util.DeduplicableRegistry  - Found existing instance net.sf.jasperreports.engine.fill.JRTemplateText@fb9c7aa for object net.sf.jasperreports.engine.fill.JRTemplateText@7fc6de5b
[main] DEBUG net.sf.jasperreports.engine.util.DeduplicableRegistry  - Found existing instance net.sf.jasperreports.engine.fill.JRTemplateText@fb9c7aa for object net.sf.jasperreports.engine.fill.JRTemplateText@21baa903
[main] DEBUG net.sf.jasperreports.engine.util.DeduplicableRegistry  - Found existing instance net.sf.jasperreports.engine.fill.JRTemplateText@fb9c7aa for object net.sf.jasperreports.engine.fill.JRTemplateText@607fbe09
[main] DEBUG net.sf.jasperreports.engine.util.DeduplicableRegistry  - Found existing instance net.sf.jasperreports.engine.fill.JRTemplateText@fb9c7aa for object net.sf.jasperreports.engine.fill.JRTemplateText@60a2630a
[main] DEBUG net.sf.jasperreports.engine.util.DeduplicableRegistry  - Added object net.sf.jasperreports.engine.fill.JRTemplateText@29df4d43
[main] DEBUG net.sf.jasperreports.engine.util.DeduplicableRegistry  - Found existing instance net.sf.jasperreports.engine.fill.JRTemplateText@29df4d43 for object net.sf.jasperreports.engine.fill.JRTemplateText@5dd91bca
[main] DEBUG net.sf.jasperreports.engine.util.DeduplicableRegistry  - Found existing instance net.sf.jasperreports.engine.fill.JRTemplateText@29df4d43 for object net.sf.jasperreports.engine.fill.JRTemplateText@40cb698e
[main] DEBUG net.sf.jasperreports.engine.util.DeduplicableRegistry  - Found existing instance net.sf.jasperreports.engine.fill.JRTemplateText@29df4d43 for object net.sf.jasperreports.engine.fill.JRTemplateText@3382f8ae
[main] DEBUG net.sf.jasperreports.engine.util.DeduplicableRegistry  - Found existing instance net.sf.jasperreports.engine.fill.JRTemplateText@29df4d43 for object net.sf.jasperreports.engine.fill.JRTemplateText@60641ec8
[main] DEBUG net.sf.jasperreports.engine.util.DeduplicableRegistry  - Found existing instance net.sf.jasperreports.engine.fill.JRTemplateText@29df4d43 for object net.sf.jasperreports.engine.fill.JRTemplateText@75f65e45
[main] DEBUG net.sf.jasperreports.engine.util.DeduplicableRegistry  - Added object net.sf.jasperreports.engine.fill.JRTemplateText@6eeade6c
[main] DEBUG net.sf.jasperreports.engine.fill.DelayedFillActions  - 1 running delayed actions on {type: BAND, group: null, band: 249177573}
[main] DEBUG net.sf.jasperreports.engine.fill.JRVerticalFiller  - Fill 1: detail at 305
[main] DEBUG net.sf.jasperreports.engine.fill.BaseReportFiller  - Fill 1: created for Blank_A4_Landscape
[main] DEBUG net.sf.jasperreports.engine.fill.BaseReportFiller  - created delayed actions 1 for filler 1
[main] DEBUG net.sf.jasperreports.extensions.ExtensionsEnvironment  - Instantiating extensions registry class net.sf.jasperreports.extensions.DefaultExtensionsRegistry
[main] DEBUG net.sf.jasperreports.extensions.DefaultExtensionsRegistry  - Loading registries for cache key jdk.internal.loader.ClassLoaders$AppClassLoader@2d6e8792
[main] DEBUG net.sf.jasperreports.engine.util.JRLoader  - Found resource jasperreports_extension.properties at jar:file:/C:/Drivers/Jasper/jasperreports-6.16.0.jar!/jasperreports_extension.properties in classloader jdk.internal.loader.ClassLoaders$AppClassLoader@2d6e8792
[main] DEBUG net.sf.jasperreports.extensions.DefaultExtensionsRegistry  - Loading JasperReports extension properties resource jar:file:/C:/Drivers/Jasper/jasperreports-6.16.0.jar!/jasperreports_extension.properties
[main] DEBUG net.sf.jasperreports.extensions.DefaultExtensionsRegistry  - Instantiating registry of type net.sf.jasperreports.components.headertoolbar.HeaderToolbarParameterContributorExtensionFactory for property net.sf.jasperreports.extension.registry.factory.header.toolbar.parameter.contributor
[main] DEBUG net.sf.jasperreports.extensions.DefaultExtensionsRegistry  - Instantiating extensions registry for header.toolbar.parameter.contributor using factory class net.sf.jasperreports.components.headertoolbar.HeaderToolbarParameterContributorExtensionFactory
[main] DEBUG net.sf.jasperreports.extensions.DefaultExtensionsRegistry  - Instantiating registry of type net.sf.jasperreports.types.date.DateRangeQueryClauseExtensions for property net.sf.jasperreports.extension.registry.factory.date.range.clause.functions
[main] DEBUG net.sf.jasperreports.extensions.DefaultExtensionsRegistry  - Instantiating extensions registry for date.range.clause.functions using factory class net.sf.jasperreports.types.date.DateRangeQueryClauseExtensions
[main] DEBUG net.sf.jasperreports.extensions.DefaultExtensionsRegistry  - Instantiating registry of type net.sf.jasperreports.repo.DefaultRepositoryExtensionsRegistryFactory for property net.sf.jasperreports.extension.registry.factory.repository
[main] DEBUG net.sf.jasperreports.extensions.DefaultExtensionsRegistry  - Instantiating extensions registry for repository using factory class net.sf.jasperreports.repo.DefaultRepositoryExtensionsRegistryFactory
[main] DEBUG net.sf.jasperreports.extensions.DefaultExtensionsRegistry  - Instantiating registry of type net.sf.jasperreports.parts.PartComponentsExtensionsRegistryFactory for property net.sf.jasperreports.extension.registry.factory.parts
[main] DEBUG net.sf.jasperreports.extensions.DefaultExtensionsRegistry  - Instantiating extensions registry for parts using factory class net.sf.jasperreports.parts.PartComponentsExtensionsRegistryFactory
[main] DEBUG net.sf.jasperreports.extensions.DefaultExtensionsRegistry  - Instantiating registry of type net.sf.jasperreports.web.util.ContentTypeMappingExtensionsRegistryFactory for property net.sf.jasperreports.extension.registry.factory.content.type.mapping
[main] DEBUG net.sf.jasperreports.extensions.DefaultExtensionsRegistry  - Instantiating extensions registry for content.type.mapping using factory class net.sf.jasperreports.web.util.ContentTypeMappingExtensionsRegistryFactory
[main] DEBUG net.sf.jasperreports.extensions.DefaultExtensionsRegistry  - Instantiating registry of type net.sf.jasperreports.engine.fonts.SimpleFontExtensionsRegistryFactory for property net.sf.jasperreports.extension.registry.factory.simple.font.families
[main] DEBUG net.sf.jasperreports.extensions.DefaultExtensionsRegistry  - Instantiating extensions registry for simple.font.families using factory class net.sf.jasperreports.engine.fonts.SimpleFontExtensionsRegistryFactory
[main] DEBUG net.sf.jasperreports.extensions.DefaultExtensionsRegistry  - Instantiating registry of type net.sf.jasperreports.data.DefaultDataAdapterServiceExtensionsRegistryFactory for property net.sf.jasperreports.extension.registry.factory.data.adapter.services
[main] DEBUG net.sf.jasperreports.extensions.DefaultExtensionsRegistry  - Instantiating extensions registry for data.adapter.services using factory class net.sf.jasperreports.data.DefaultDataAdapterServiceExtensionsRegistryFactory
[main] DEBUG net.sf.jasperreports.extensions.DefaultExtensionsRegistry  - Instantiating registry of type net.sf.jasperreports.web.util.WebResourceHandlersExtensionRegistryFactory for property net.sf.jasperreports.extension.registry.factory.jive.web.resource.handlers
[main] DEBUG net.sf.jasperreports.extensions.DefaultExtensionsRegistry  - Instantiating extensions registry for jive.web.resource.handlers using factory class net.sf.jasperreports.web.util.WebResourceHandlersExtensionRegistryFactory
[main] DEBUG net.sf.jasperreports.extensions.DefaultExtensionsRegistry  - Instantiating registry of type net.sf.jasperreports.util.CastorMappingExtensionsRegistryFactory for property net.sf.jasperreports.extension.registry.factory.castor.mapping
[main] DEBUG net.sf.jasperreports.extensions.DefaultExtensionsRegistry  - Instantiating extensions registry for castor.mapping using factory class net.sf.jasperreports.util.CastorMappingExtensionsRegistryFactory
[main] DEBUG net.sf.jasperreports.extensions.DefaultExtensionsRegistry  - Instantiating registry of type net.sf.jasperreports.engine.export.MatcherExportFilterMappingExtensionsRegistryFactory for property net.sf.jasperreports.extension.registry.factory.matcher.exporter.filter.mapping
[main] DEBUG net.sf.jasperreports.extensions.DefaultExtensionsRegistry  - Instantiating extensions registry for matcher.exporter.filter.mapping using factory class net.sf.jasperreports.engine.export.MatcherExportFilterMappingExtensionsRegistryFactory
[main] DEBUG net.sf.jasperreports.extensions.DefaultExtensionsRegistry  - Instantiating registry of type net.sf.jasperreports.governors.GovernorExtensionsRegistryFactory for property net.sf.jasperreports.extension.registry.factory.governor
[main] DEBUG net.sf.jasperreports.extensions.DefaultExtensionsRegistry  - Instantiating extensions registry for governor using factory class net.sf.jasperreports.governors.GovernorExtensionsRegistryFactory
[main] DEBUG net.sf.jasperreports.extensions.DefaultExtensionsRegistry  - Instantiating registry of type net.sf.jasperreports.engine.query.SQLQueryClauseFunctionsExtensions for property net.sf.jasperreports.extension.registry.factory.sql.clause.functions
[main] DEBUG net.sf.jasperreports.extensions.DefaultExtensionsRegistry  - Instantiating extensions registry for sql.clause.functions using factory class net.sf.jasperreports.engine.query.SQLQueryClauseFunctionsExtensions
[main] DEBUG net.sf.jasperreports.extensions.DefaultExtensionsRegistry  - Instantiating registry of type net.sf.jasperreports.data.DataAdapterParameterContributorExtensionsRegistryFactory for property net.sf.jasperreports.extension.registry.factory.parameter.contributor.data.adapter
[main] DEBUG net.sf.jasperreports.extensions.DefaultExtensionsRegistry  - Instantiating extensions registry for parameter.contributor.data.adapter using factory class net.sf.jasperreports.data.DataAdapterParameterContributorExtensionsRegistryFactory
[main] DEBUG net.sf.jasperreports.extensions.DefaultExtensionsRegistry  - Instantiating registry of type net.sf.jasperreports.engine.style.PropertyStyleProviderExtensionFactory for property net.sf.jasperreports.extension.registry.factory.property.style.provider
[main] DEBUG net.sf.jasperreports.extensions.DefaultExtensionsRegistry  - Instantiating extensions registry for property.style.provider using factory class net.sf.jasperreports.engine.style.PropertyStyleProviderExtensionFactory
[main] DEBUG net.sf.jasperreports.extensions.DefaultExtensionsRegistry  - Instantiating registry of type net.sf.jasperreports.web.util.JacksonMappingExtensionsRegistryFactory for property net.sf.jasperreports.extension.registry.factory.jackson.mapping
[main] DEBUG net.sf.jasperreports.extensions.DefaultExtensionsRegistry  - Instantiating extensions registry for jackson.mapping using factory class net.sf.jasperreports.web.util.JacksonMappingExtensionsRegistryFactory
[main] DEBUG net.sf.jasperreports.extensions.DefaultExtensionsRegistry  - Instantiating registry of type net.sf.jasperreports.extensions.DefaultExtensionsRegistryFactory for property net.sf.jasperreports.extension.registry.factory.default
[main] DEBUG net.sf.jasperreports.extensions.DefaultExtensionsRegistry  - Instantiating extensions registry for default using factory class net.sf.jasperreports.extensions.DefaultExtensionsRegistryFactory
[main] DEBUG net.sf.jasperreports.extensions.DefaultExtensionsRegistry  - Instantiating registry of type net.sf.jasperreports.components.ComponentsExtensionsRegistryFactory for property net.sf.jasperreports.extension.registry.factory.components
[main] DEBUG net.sf.jasperreports.extensions.DefaultExtensionsRegistry  - Instantiating extensions registry for components using factory class net.sf.jasperreports.components.ComponentsExtensionsRegistryFactory
[main] DEBUG net.sf.jasperreports.extensions.DefaultExtensionsRegistry  - Instantiating registry of type net.sf.jasperreports.components.headertoolbar.HeaderToolbarConditionalStyleProviderExtensionFactory for property net.sf.jasperreports.extension.registry.factory.header.toolbar.style.provider
[main] DEBUG net.sf.jasperreports.extensions.DefaultExtensionsRegistry  - Instantiating extensions registry for header.toolbar.style.provider using factory class net.sf.jasperreports.components.headertoolbar.HeaderToolbarConditionalStyleProviderExtensionFactory
[main] DEBUG net.sf.jasperreports.engine.fonts.FontExtensionsRegistry  - Loading font extensions from net/sf/jasperreports/fonts/jasperreports-fonts.xml
[main] DEBUG net.sf.jasperreports.engine.fonts.SimpleFontExtensionHelper  - Parsing font family JasperReports Icons
[main] DEBUG net.sf.jasperreports.engine.fonts.SimpleFontFace  - Loading font net/sf/jasperreports/fonts/icons/icons.ttf
[main] DEBUG net.sf.jasperreports.engine.fonts.AwtFontManager  - created font file C:\Users\ruizp\AppData\Local\Temp\jr-font7426296583105132690.ttf for net/sf/jasperreports/fonts/icons/icons.ttf
[main] DEBUG net.sf.jasperreports.engine.fonts.SimpleFontExtensionHelper  - Parsing font family Pictonic
[main] DEBUG net.sf.jasperreports.engine.fonts.SimpleFontFace  - Loading font net/sf/jasperreports/fonts/icons/icons.ttf
[main] DEBUG net.sf.jasperreports.engine.fonts.AwtFontManager  - created font file C:\Users\ruizp\AppData\Local\Temp\jr-font10489226035774899271.ttf for net/sf/jasperreports/fonts/icons/icons.ttf
[main] DEBUG net.sf.jasperreports.engine.fill.JRFillBand  - Origin {reportName: null, groupName: null,bandType: BACKGROUND} for band 33419717
[main] DEBUG net.sf.jasperreports.engine.fill.JRFillBand  - Origin {reportName: null, groupName: null,bandType: TITLE} for band 335107734
[main] DEBUG net.sf.jasperreports.engine.fill.JRFillBand  - Origin {reportName: null, groupName: null,bandType: PAGE_HEADER} for band 1376151044
[main] DEBUG net.sf.jasperreports.engine.fill.JRFillBand  - Origin {reportName: null, groupName: null,bandType: COLUMN_HEADER} for band 1412322831
[main] DEBUG net.sf.jasperreports.engine.fill.JRFillBand  - Origin {reportName: null, groupName: null,bandType: DETAIL} for band 24650043
[main] DEBUG net.sf.jasperreports.engine.fill.JRFillBand  - Origin {reportName: null, groupName: null,bandType: DETAIL} for band 460741164
[main] DEBUG net.sf.jasperreports.engine.fill.JRFillBand  - Origin {reportName: null, groupName: null,bandType: COLUMN_FOOTER} for band 25764044
[main] DEBUG net.sf.jasperreports.engine.fill.JRFillBand  - Origin {reportName: null, groupName: null,bandType: PAGE_FOOTER} for band 743778731
[main] DEBUG net.sf.jasperreports.engine.fill.JRFillBand  - Origin {reportName: null, groupName: null,bandType: SUMMARY} for band 692998280
[main] DEBUG net.sf.jasperreports.engine.fill.JRVerticalFiller  - Filler 1 - pageHeight: 1000, columnFooterOffsetY: 921, lastPageColumnFooterOffsetY: 935
[main] DEBUG net.sf.jasperreports.engine.fill.JRBaseFiller  - Fill 1: filling report
[main] DEBUG net.sf.jasperreports.engine.fill.JRBaseFiller  - max page width is 2097152000
[main] DEBUG net.sf.jasperreports.engine.fill.JRBaseFiller  - Fill 1: adding page 1
[main] DEBUG net.sf.jasperreports.engine.fill.JRVerticalFiller  - Fill 1: title at 20
[main] DEBUG net.sf.jasperreports.engine.fill.DelayedFillActions  - 1 running delayed actions on {type: BAND, group: null, band: 335107734}
[main] DEBUG net.sf.jasperreports.engine.fill.JRVerticalFiller  - Fill 1: page header at 99
[main] DEBUG net.sf.jasperreports.engine.fill.SimpleTextLineWrapper  - creating element font infos cache of size 2000
[main] DEBUG net.sf.jasperreports.engine.util.DeduplicableRegistry  - Added object net.sf.jasperreports.engine.fill.JRTemplateText@5c3b6c6e
[main] DEBUG net.sf.jasperreports.engine.util.DeduplicableRegistry  - Added object net.sf.jasperreports.engine.fill.JRTemplateFrame@6b9ce1bf
[main] DEBUG net.sf.jasperreports.engine.util.DeduplicableRegistry  - Added object net.sf.jasperreports.engine.fill.JRTemplateText@435871cb
[main] DEBUG net.sf.jasperreports.engine.fill.JRFillTextField  - created net.sf.jasperreports.engine.fill.JRTemplateText@435871cb for (null, null)
[main] DEBUG net.sf.jasperreports.engine.fill.DelayedFillActions  - 1 running delayed actions on {type: BAND, group: null, band: 1376151044}
[main] DEBUG net.sf.jasperreports.engine.fill.JRVerticalFiller  - Fill 1: column header at 183
[main] DEBUG net.sf.jasperreports.engine.util.DeduplicableRegistry  - Added object net.sf.jasperreports.engine.fill.JRTemplateText@2b95e48b
[main] DEBUG net.sf.jasperreports.engine.util.DeduplicableRegistry  - Found existing instance net.sf.jasperreports.engine.fill.JRTemplateText@2b95e48b for object net.sf.jasperreports.engine.fill.JRTemplateText@4a3329b9
[main] DEBUG net.sf.jasperreports.engine.util.DeduplicableRegistry  - Found existing instance net.sf.jasperreports.engine.fill.JRTemplateText@2b95e48b for object net.sf.jasperreports.engine.fill.JRTemplateText@3dddefd8
[main] DEBUG net.sf.jasperreports.engine.util.DeduplicableRegistry  - Found existing instance net.sf.jasperreports.engine.fill.JRTemplateText@2b95e48b for object net.sf.jasperreports.engine.fill.JRTemplateText@160ac7fb
[main] DEBUG net.sf.jasperreports.engine.util.DeduplicableRegistry  - Found existing instance net.sf.jasperreports.engine.fill.JRTemplateText@2b95e48b for object net.sf.jasperreports.engine.fill.JRTemplateText@12bfd80d
[main] DEBUG net.sf.jasperreports.engine.util.DeduplicableRegistry  - Found existing instance net.sf.jasperreports.engine.fill.JRTemplateText@2b95e48b for object net.sf.jasperreports.engine.fill.JRTemplateText@41925502
[main] DEBUG net.sf.jasperreports.engine.util.DeduplicableRegistry  - Added object net.sf.jasperreports.engine.fill.JRTemplateText@13e3c1c7
[main] DEBUG net.sf.jasperreports.engine.util.DeduplicableRegistry  - Found existing instance net.sf.jasperreports.engine.fill.JRTemplateText@13e3c1c7 for object net.sf.jasperreports.engine.fill.JRTemplateText@5316e95f
[main] DEBUG net.sf.jasperreports.engine.util.DeduplicableRegistry  - Found existing instance net.sf.jasperreports.engine.fill.JRTemplateText@13e3c1c7 for object net.sf.jasperreports.engine.fill.JRTemplateText@3f053c80
[main] DEBUG net.sf.jasperreports.engine.util.DeduplicableRegistry  - Found existing instance net.sf.jasperreports.engine.fill.JRTemplateText@13e3c1c7 for object net.sf.jasperreports.engine.fill.JRTemplateText@6c6c5427
[main] DEBUG net.sf.jasperreports.engine.util.DeduplicableRegistry  - Found existing instance net.sf.jasperreports.engine.fill.JRTemplateText@13e3c1c7 for object net.sf.jasperreports.engine.fill.JRTemplateText@618c5d94
[main] DEBUG net.sf.jasperreports.engine.util.DeduplicableRegistry  - Found existing instance net.sf.jasperreports.engine.fill.JRTemplateText@13e3c1c7 for object net.sf.jasperreports.engine.fill.JRTemplateText@5b40ceb
[main] DEBUG net.sf.jasperreports.engine.util.DeduplicableRegistry  - Added object net.sf.jasperreports.engine.fill.JRTemplateText@13c3c1e1
[main] DEBUG net.sf.jasperreports.engine.fill.DelayedFillActions  - 1 running delayed actions on {type: BAND, group: null, band: 1412322831}
[main] DEBUG net.sf.jasperreports.engine.fill.JRVerticalFiller  - Fill 1: detail at 305
